<?xml version="1.0" encoding="UTF-8"?>
<!-- Generated by org.testng.reporters.JUnitReportReporter -->
<testsuite hostname="sonal" failures="0" tests="2" name="crm.tastcases.HomePageTest" time="50.345" errors="0" timestamp="27 Sep 2023 17:48:57 GMT">
  <testcase classname="crm.tastcases.HomePageTest" name="clickoncalender" time="25.287"/>
  <testcase classname="crm.tastcases.HomePageTest" name="clickonContactPage" time="25.058"/>
</testsuite> <!-- crm.tastcases.HomePageTest -->
